2025-09-12 17:20:57 | INFO     | FTPTool | log_app_start:276 | ================================================================================
2025-09-12 17:20:57 | INFO     | FTPTool | log_app_start:277 | FTP MONITORING SERVICE STARTED - 2025-09-12 17:20:57.046275
2025-09-12 17:20:57 | INFO     | FTPTool | log_app_start:278 | ================================================================================
2025-09-12 17:20:57 | INFO     | FTPTool | __init__:70 | FTP Tool GUI initialized
2025-09-12 17:21:01 | INFO     | FTPTool | start_monitor:539 | Starting FTP monitoring...
2025-09-12 17:21:01 | INFO     | FTPTool | log_monitoring_event:309 | MONITOR | MONITORING_START | FTP monitoring service initiated
2025-09-12 17:21:01 | INFO     | FTPTool | log_monitoring_event:309 | MONITOR | CONFIG_LOADED | Host: 192.168.100.100, Interval: 5s
2025-09-12 17:21:01 | INFO     | FTPTool | log_monitoring_event:309 | MONITOR | MONITORING_STARTED | Worker thread started successfully
2025-09-12 17:21:01 | INFO     | FTPTool | log_monitoring_event:309 | MONITOR | MONITORING_CYCLE_START | Starting download cycle #1. Next run in 5 seconds.
2025-09-12 17:21:01 | INFO     | FTPTool | log_connection_event:320 | CONNECT | CONNECT_START | ATTEMPT_1 | Host: 192.168.100.100
2025-09-12 17:21:01 | INFO     | FTPTool | log_connection_event:320 | CONNECT | CONNECT | SUCCESS | Host: 192.168.100.100
2025-09-12 17:21:01 | INFO     | FTPTool | log_monitoring_event:309 | MONITOR | MLSD_FAILED | 500 Unknown command.
2025-09-12 17:21:01 | INFO     | FTPTool | log_file_operation:299 | FILE_OP | DOWNLOAD_SKIPPED | SKIPPED | File: /incoming/auto_1.txt | Size: 54 bytes
2025-09-12 17:21:01 | INFO     | FTPTool | log_file_operation:299 | FILE_OP | DOWNLOAD_SKIPPED | SKIPPED | File: /incoming/auto_2.txt | Size: 54 bytes
2025-09-12 17:21:01 | INFO     | FTPTool | log_file_operation:299 | FILE_OP | DOWNLOAD_SKIPPED | SKIPPED | File: /incoming/auto_3.txt | Size: 54 bytes
2025-09-12 17:21:01 | INFO     | FTPTool | log_file_operation:299 | FILE_OP | DOWNLOAD_SKIPPED | SKIPPED | File: /incoming/auto_4.txt | Size: 54 bytes
2025-09-12 17:21:01 | INFO     | FTPTool | log_file_operation:299 | FILE_OP | DOWNLOAD_SKIPPED | SKIPPED | File: /incoming/auto_5.txt | Size: 54 bytes
2025-09-12 17:21:01 | INFO     | FTPTool | log_monitoring_event:309 | MONITOR | MONITORING_CYCLE_END | Download cycle #1 finished. Waiting for next interval.
2025-09-12 17:21:06 | INFO     | FTPTool | log_monitoring_event:309 | MONITOR | MONITORING_CYCLE_START | Starting download cycle #2. Next run in 5 seconds.
2025-09-12 17:21:06 | INFO     | FTPTool | log_connection_event:320 | CONNECT | CONNECT | SUCCESS | Host: 192.168.100.100
2025-09-12 17:21:06 | INFO     | FTPTool | log_file_operation:299 | FILE_OP | DOWNLOAD_SKIPPED | SKIPPED | File: /incoming/auto_1.txt | Size: 54 bytes
2025-09-12 17:21:06 | INFO     | FTPTool | log_file_operation:299 | FILE_OP | DOWNLOAD_SKIPPED | SKIPPED | File: /incoming/auto_2.txt | Size: 54 bytes
2025-09-12 17:21:06 | INFO     | FTPTool | log_file_operation:299 | FILE_OP | DOWNLOAD_SKIPPED | SKIPPED | File: /incoming/auto_3.txt | Size: 54 bytes
2025-09-12 17:21:06 | INFO     | FTPTool | log_file_operation:299 | FILE_OP | DOWNLOAD_SKIPPED | SKIPPED | File: /incoming/auto_4.txt | Size: 54 bytes
2025-09-12 17:21:06 | INFO     | FTPTool | log_file_operation:299 | FILE_OP | DOWNLOAD_SKIPPED | SKIPPED | File: /incoming/auto_5.txt | Size: 54 bytes
2025-09-12 17:21:06 | INFO     | FTPTool | log_monitoring_event:309 | MONITOR | MONITORING_CYCLE_END | Download cycle #2 finished. Waiting for next interval.
2025-09-12 17:21:11 | INFO     | FTPTool | log_monitoring_event:309 | MONITOR | MONITORING_CYCLE_START | Starting download cycle #3. Next run in 5 seconds.
2025-09-12 17:21:11 | INFO     | FTPTool | log_connection_event:320 | CONNECT | CONNECT | SUCCESS | Host: 192.168.100.100
2025-09-12 17:21:11 | INFO     | FTPTool | log_file_operation:299 | FILE_OP | DOWNLOAD_SKIPPED | SKIPPED | File: /incoming/auto_1.txt | Size: 54 bytes
2025-09-12 17:21:11 | INFO     | FTPTool | log_file_operation:299 | FILE_OP | DOWNLOAD_SKIPPED | SKIPPED | File: /incoming/auto_2.txt | Size: 54 bytes
2025-09-12 17:21:11 | INFO     | FTPTool | log_file_operation:299 | FILE_OP | DOWNLOAD_SKIPPED | SKIPPED | File: /incoming/auto_3.txt | Size: 54 bytes
2025-09-12 17:21:11 | INFO     | FTPTool | log_file_operation:299 | FILE_OP | DOWNLOAD_SKIPPED | SKIPPED | File: /incoming/auto_4.txt | Size: 54 bytes
2025-09-12 17:21:11 | INFO     | FTPTool | log_file_operation:299 | FILE_OP | DOWNLOAD_SKIPPED | SKIPPED | File: /incoming/auto_5.txt | Size: 54 bytes
2025-09-12 17:21:11 | INFO     | FTPTool | log_monitoring_event:309 | MONITOR | MONITORING_CYCLE_END | Download cycle #3 finished. Waiting for next interval.
2025-09-12 17:21:16 | INFO     | FTPTool | log_monitoring_event:309 | MONITOR | MONITORING_CYCLE_START | Starting download cycle #4. Next run in 5 seconds.
2025-09-12 17:21:16 | INFO     | FTPTool | log_connection_event:320 | CONNECT | CONNECT | SUCCESS | Host: 192.168.100.100
2025-09-12 17:21:16 | INFO     | FTPTool | log_file_operation:299 | FILE_OP | DOWNLOAD_SKIPPED | SKIPPED | File: /incoming/auto_1.txt | Size: 54 bytes
2025-09-12 17:21:16 | INFO     | FTPTool | log_file_operation:299 | FILE_OP | DOWNLOAD_SKIPPED | SKIPPED | File: /incoming/auto_2.txt | Size: 54 bytes
2025-09-12 17:21:16 | INFO     | FTPTool | log_file_operation:299 | FILE_OP | DOWNLOAD_SKIPPED | SKIPPED | File: /incoming/auto_3.txt | Size: 54 bytes
2025-09-12 17:21:16 | INFO     | FTPTool | log_file_operation:299 | FILE_OP | DOWNLOAD_SKIPPED | SKIPPED | File: /incoming/auto_4.txt | Size: 54 bytes
2025-09-12 17:21:16 | INFO     | FTPTool | log_file_operation:299 | FILE_OP | DOWNLOAD_SKIPPED | SKIPPED | File: /incoming/auto_5.txt | Size: 54 bytes
2025-09-12 17:21:16 | INFO     | FTPTool | log_monitoring_event:309 | MONITOR | MONITORING_CYCLE_END | Download cycle #4 finished. Waiting for next interval.
2025-09-12 17:21:18 | INFO     | FTPTool | stop_monitor:606 | Stopping FTP monitoring...
2025-09-12 17:21:18 | INFO     | FTPTool | log_monitoring_event:309 | MONITOR | MONITORING_STOP_REQUESTED | Stop signal sent to worker
2025-09-12 17:21:18 | INFO     | FTPTool | stop_monitor:635 | FTP monitoring stopped
2025-09-12 17:21:18 | INFO     | FTPTool | log_monitoring_event:309 | MONITOR | MONITORING_STOPPED | Service stopped and UI updated
2025-09-12 17:23:32 | INFO     | FTPTool | stop_monitor:635 | FTP monitoring stopped
2025-09-12 17:23:32 | INFO     | FTPTool | log_monitoring_event:309 | MONITOR | MONITORING_STOPPED | Service stopped and UI updated
